Arguments: 
  /usr/local/Cellar/node/17.0.1/bin/node /usr/local/Cellar/yarn/1.22.17/libexec/bin/yarn.js

PATH: 
  /usr/local/bin:/usr/bin:/bin:/usr/sbin:/sbin

Yarn version: 
  1.22.17

Node version: 
  17.0.1

Platform: 
  darwin x64

Trace: 
  Error: ENOENT: no such file or directory, copyfile '/Users/ortalyad/Library/Caches/Yarn/v6/npm-ajv-8.8.2-01b4fef2007a28bf75f0b7fc009f62679de4abbb-integrity/node_modules/ajv/LICENSE' -> '/Users/ortalyad/Desktop/dev/facebook/facebook-ui/node_modules/table/node_modules/ajv/LICENSE'

npm manifest: 
  {
    "name": "facebook-ui",
    "version": "0.0.0",
    "scripts": {
      "dev": "vite",
      "build": "vite build",
      "serve": "vite preview",
      "format": "prettier --config .prettierrc '**/*.js'",
      "format:fix": "prettier --config .prettierrc '**/*.js' --write",
      "lint": "eslint .",
      "lint:fix": "eslint . --fix"
    },
    "resolutions": {
      "elements-plus/vue": "^3.2.1"
    },
    "dependencies": {
      "@fortawesome/fontawesome-svg-core": "^1.2.36",
      "@fortawesome/free-brands-svg-icons": "^5.15.4",
      "@fortawesome/free-regular-svg-icons": "^5.15.4",
      "@fortawesome/free-solid-svg-icons": "^5.15.4",
      "@fortawesome/vue-fontawesome": "^3.0.0-5",
      "@vuelidate/core": "^2.0.0-alpha.26",
      "@vuelidate/validators": "^2.0.0-alpha.22",
      "axios": "^0.21.4",
      "element-plus": "^1.1.0-beta.9",
      "vue": "^3.0.5",
      "vue-router": "^4.0.11",
      "vue-spinner": "^1.0.4",
      "vuex": "^4.0.2"
    },
    "devDependencies": {
      "@vitejs/plugin-vue": "^1.6.2",
      "@vue/compiler-sfc": "^3.0.5",
      "autoprefixer": "^10.3.1",
      "eslint": "^7.32.0",
      "eslint-plugin-import": "^2.24.2",
      "eslint-plugin-vue": "^7.17.0",
      "postcss": "^8.3.6",
      "prettier": "^2.3.2",
      "sass": "^1.36.0",
      "tailwindcss": "^2.2.7",
      "vite": "^2.4.3"
    }
  }

yarn manifest: 
  No manifest

Lockfile: 
  No lockfile
